c:\users\jmckay\desktop\github repositories\c-plus-plus-repository\chapter 1\chapter_1\release\chapter_1.pch
c:\users\jmckay\desktop\github repositories\c-plus-plus-repository\chapter 1\chapter_1\release\vc120.pdb
c:\users\jmckay\desktop\github repositories\c-plus-plus-repository\chapter 1\chapter_1\release\stdafx.obj
c:\users\jmckay\desktop\github repositories\c-plus-plus-repository\chapter 1\chapter_1\release\exercise_1_9.obj
c:\users\jmckay\desktop\github repositories\c-plus-plus-repository\chapter 1\chapter_1\release\exercise_1_3.obj
c:\users\jmckay\desktop\github repositories\c-plus-plus-repository\chapter 1\chapter_1\release\chapter_1.obj
c:\users\jmckay\desktop\github repositories\c-plus-plus-repository\chapter 1\chapter_1\release\exercise_1_2.obj
c:\users\jmckay\desktop\github repositories\c-plus-plus-repository\chapter 1\chapter_1\release\exercise_1_4.obj
c:\users\jmckay\desktop\github repositories\c-plus-plus-repository\chapter 1\chapter_1\release\exercise_1_13.obj
c:\users\jmckay\desktop\github repositories\c-plus-plus-repository\chapter 1\release\chapter_1.exe
c:\users\jmckay\desktop\github repositories\c-plus-plus-repository\chapter 1\release\chapter_1.pdb
c:\users\jon\desktop\github repo\c-plus-plus-repository\chapter 1\chapter_1\release\chapter_1.obj
c:\users\jon\desktop\github repo\c-plus-plus-repository\chapter 1\chapter_1\release\exercise_1_13.obj
c:\users\jon\desktop\github repo\c-plus-plus-repository\chapter 1\chapter_1\release\exercise_1_2.obj
c:\users\jon\desktop\github repo\c-plus-plus-repository\chapter 1\chapter_1\release\exercise_1_3.obj
c:\users\jon\desktop\github repo\c-plus-plus-repository\chapter 1\chapter_1\release\exercise_1_4.obj
c:\users\jon\desktop\github repo\c-plus-plus-repository\chapter 1\chapter_1\release\exercise_1_9.obj
c:\users\jon\desktop\github repo\c-plus-plus-repository\chapter 1\chapter_1\release\stdafx.obj
c:\users\jon\desktop\github repo\c-plus-plus-repository\chapter 1\chapter_1\release\chapter_1.pch
c:\users\jon\desktop\github repo\c-plus-plus-repository\chapter 1\chapter_1\release\vc120.pdb
c:\users\jon\desktop\github repo\c-plus-plus-repository\chapter 1\release\chapter_1.pdb
c:\users\jon\desktop\github repo\c-plus-plus-repository\chapter 1\release\chapter_1.exe
c:\users\jon\desktop\github repo\c-plus-plus-repository\chapter 1\chapter_1\release\chapter_1.tlog\cl.command.1.tlog
c:\users\jon\desktop\github repo\c-plus-plus-repository\chapter 1\chapter_1\release\chapter_1.tlog\cl.read.1.tlog
c:\users\jon\desktop\github repo\c-plus-plus-repository\chapter 1\chapter_1\release\chapter_1.tlog\cl.write.1.tlog
c:\users\jon\desktop\github repo\c-plus-plus-repository\chapter 1\chapter_1\release\chapter_1.tlog\link.command.1.tlog
c:\users\jon\desktop\github repo\c-plus-plus-repository\chapter 1\chapter_1\release\chapter_1.tlog\link.read.1.tlog
c:\users\jon\desktop\github repo\c-plus-plus-repository\chapter 1\chapter_1\release\chapter_1.tlog\link.write.1.tlog
